# JRE version: Java(TM) SE Runtime Environment (8.0_171-b11) (build 1.8.0_171-b11)
# Java VM: Java HotSpot(TM) 64-Bit Server VM (25.171-b11 mixed mode linux-amd64 compressed oops)
Heap:
 PSYoungGen      total 401920K, used 0K [0x00000000e0100000, 0x0000000100000000, 0x0000000100000000)
  eden space 287232K, 0% used [0x00000000e0100000,0x00000000e0100000,0x00000000f1980000)
  from space 114688K, 0% used [0x00000000f1980000,0x00000000f1980000,0x00000000f8980000)
  to   space 115712K, 0% used [0x00000000f8f00000,0x00000000f8f00000,0x0000000100000000)
 ParOldGen       total 358400K, used 270995K [0x00000000a0200000, 0x00000000b6000000, 0x00000000e0100000)
  object space 358400K, 75% used [0x00000000a0200000,0x00000000b0aa4cc8,0x00000000b6000000)
 Metaspace       used 96190K, capacity 96934K, committed 97432K, reserved 1130496K
  class space    used 16454K, capacity 16681K, committed 16792K, reserved 1048576K
GC Heap History (10 events):
Event: 35.317 GC heap after
Heap after GC invocations=28 (full 5):
 PSYoungGen      total 393728K, used 41388K [0x00000000e0100000, 0x00000000fee00000, 0x0000000100000000)
  eden space 275456K, 0% used [0x00000000e0100000,0x00000000e0100000,0x00000000f0e00000)
  from space 118272K, 34% used [0x00000000f0e00000,0x00000000f366b0c8,0x00000000f8180000)
  to   space 111104K, 0% used [0x00000000f8180000,0x00000000f8180000,0x00000000fee00000)
 ParOldGen       total 358400K, used 229980K [0x00000000a0200000, 0x00000000b6000000, 0x00000000e0100000)
  object space 358400K, 64% used [0x00000000a0200000,0x00000000ae297350,0x00000000b6000000)
 Metaspace       used 94657K, capacity 95334K, committed 95768K, reserved 1128448K
  class space    used 16390K, capacity 16617K, committed 16664K, reserved 1048576K
}
Event: 37.953 GC heap before
{Heap before GC invocations=29 (full 5):
 PSYoungGen      total 393728K, used 316844K [0x00000000e0100000, 0x00000000fee00000, 0x0000000100000000)
  eden space 275456K, 100% used [0x00000000e0100000,0x00000000f0e00000,0x00000000f0e00000)
  from space 118272K, 34% used [0x00000000f0e00000,0x00000000f366b0c8,0x00000000f8180000)
  to   space 111104K, 0% used [0x00000000f8180000,0x00000000f8180000,0x00000000fee00000)
 ParOldGen       total 358400K, used 229980K [0x00000000a0200000, 0x00000000b6000000, 0x00000000e0100000)
  object space 358400K, 64% used [0x00000000a0200000,0x00000000ae297350,0x00000000b6000000)
 Metaspace       used 95075K, capacity 95814K, committed 96152K, reserved 1128448K
  class space    used 16415K, capacity 16649K, committed 16792K, reserved 1048576K
Event: 38.003 GC heap after
Heap after GC invocations=29 (full 5):
 PSYoungGen      total 391680K, used 67239K [0x00000000e0100000, 0x00000000ffd00000, 0x0000000100000000)
  eden space 280576K, 0% used [0x00000000e0100000,0x00000000e0100000,0x00000000f1300000)
  from space 111104K, 60% used [0x00000000f8180000,0x00000000fc329f50,0x00000000fee00000)
  to   space 113152K, 0% used [0x00000000f1300000,0x00000000f1300000,0x00000000f8180000)
 ParOldGen       total 358400K, used 241751K [0x00000000a0200000, 0x00000000b6000000, 0x00000000e0100000)
  object space 358400K, 67% used [0x00000000a0200000,0x00000000aee15ed0,0x00000000b6000000)
 Metaspace       used 95075K, capacity 95814K, committed 96152K, reserved 1128448K
  class space    used 16415K, capacity 16649K, committed 16792K, reserved 1048576K
}
Event: 40.473 GC heap before
{Heap before GC invocations=30 (full 5):
 PSYoungGen      total 391680K, used 347815K [0x00000000e0100000, 0x00000000ffd00000, 0x0000000100000000)
  eden space 280576K, 100% used [0x00000000e0100000,0x00000000f1300000,0x00000000f1300000)
  from space 111104K, 60% used [0x00000000f8180000,0x00000000fc329f50,0x00000000fee00000)
  to   space 113152K, 0% used [0x00000000f1300000,0x00000000f1300000,0x00000000f8180000)
 ParOldGen       total 358400K, used 241751K [0x00000000a0200000, 0x00000000b6000000, 0x00000000e0100000)
  object space 358400K, 67% used [0x00000000a0200000,0x00000000aee15ed0,0x00000000b6000000)
 Metaspace       used 96052K, capacity 96806K, committed 97176K, reserved 1130496K
  class space    used 16448K, capacity 16681K, committed 16792K, reserved 1048576K
Event: 40.551 GC heap after
Heap after GC invocations=30 (full 5):
 PSYoungGen      total 393728K, used 85668K [0x00000000e0100000, 0x0000000100000000, 0x0000000100000000)
  eden space 280576K, 0% used [0x00000000e0100000,0x00000000e0100000,0x00000000f1300000)
  from space 113152K, 75% used [0x00000000f1300000,0x00000000f66a9298,0x00000000f8180000)
  to   space 121344K, 0% used [0x00000000f8980000,0x00000000f8980000,0x0000000100000000)
 ParOldGen       total 358400K, used 268759K [0x00000000a0200000, 0x00000000b6000000, 0x00000000e0100000)
  object space 358400K, 74% used [0x00000000a0200000,0x00000000b0875c80,0x00000000b6000000)
 Metaspace       used 96052K, capacity 96806K, committed 97176K, reserved 1130496K
  class space    used 16448K, capacity 16681K, committed 16792K, reserved 1048576K
}
Event: 41.750 GC heap before
{Heap before GC invocations=31 (full 5):
 PSYoungGen      total 393728K, used 366244K [0x00000000e0100000, 0x0000000100000000, 0x0000000100000000)
  eden space 280576K, 100% used [0x00000000e0100000,0x00000000f1300000,0x00000000f1300000)
  from space 113152K, 75% used [0x00000000f1300000,0x00000000f66a9298,0x00000000f8180000)
  to   space 121344K, 0% used [0x00000000f8980000,0x00000000f8980000,0x0000000100000000)
 ParOldGen       total 358400K, used 268759K [0x00000000a0200000, 0x00000000b6000000, 0x00000000e0100000)
  object space 358400K, 74% used [0x00000000a0200000,0x00000000b0875c80,0x00000000b6000000)
 Metaspace       used 96169K, capacity 96934K, committed 97432K, reserved 1130496K
  class space    used 16450K, capacity 16681K, committed 16792K, reserved 1048576K
Event: 41.814 GC heap after
Heap after GC invocations=31 (full 5):
 PSYoungGen      total 403456K, used 47926K [0x00000000e0100000, 0x00000000ffb00000, 0x0000000100000000)
  eden space 287232K, 0% used [0x00000000e0100000,0x00000000e0100000,0x00000000f1980000)
  from space 116224K, 41% used [0x00000000f8980000,0x00000000fb84d988,0x00000000ffb00000)
  to   space 114688K, 0% used [0x00000000f1980000,0x00000000f1980000,0x00000000f8980000)
 ParOldGen       total 358400K, used 308023K [0x00000000a0200000, 0x00000000b6000000, 0x00000000e0100000)
  object space 358400K, 85% used [0x00000000a0200000,0x00000000b2ecdc90,0x00000000b6000000)
 Metaspace       used 96169K, capacity 96934K, committed 97432K, reserved 1130496K
  class space    used 16450K, capacity 16681K, committed 16792K, reserved 1048576K
}
Event: 42.810 GC heap before
{Heap before GC invocations=32 (full 5):
 PSYoungGen      total 403456K, used 335158K [0x00000000e0100000, 0x00000000ffb00000, 0x0000000100000000)
  eden space 287232K, 100% used [0x00000000e0100000,0x00000000f1980000,0x00000000f1980000)
  from space 116224K, 41% used [0x00000000f8980000,0x00000000fb84d988,0x00000000ffb00000)
  to   space 114688K, 0% used [0x00000000f1980000,0x00000000f1980000,0x00000000f8980000)
 ParOldGen       total 358400K, used 308023K [0x00000000a0200000, 0x00000000b6000000, 0x00000000e0100000)
  object space 358400K, 85% used [0x00000000a0200000,0x00000000b2ecdc90,0x00000000b6000000)
 Metaspace       used 96190K, capacity 96934K, committed 97432K, reserved 1130496K
  class space    used 16454K, capacity 16681K, committed 16792K, reserved 1048576K
Event: 42.889 GC heap after
Heap after GC invocations=32 (full 5):
 PSYoungGen      total 401920K, used 4374K [0x00000000e0100000, 0x0000000100000000, 0x0000000100000000)
  eden space 287232K, 0% used [0x00000000e0100000,0x00000000e0100000,0x00000000f1980000)
  from space 114688K, 3% used [0x00000000f1980000,0x00000000f1dc5900,0x00000000f8980000)
  to   space 115712K, 0% used [0x00000000f8f00000,0x00000000f8f00000,0x0000000100000000)
 ParOldGen       total 358400K, used 354002K [0x00000000a0200000, 0x00000000b6000000, 0x00000000e0100000)
  object space 358400K, 98% used [0x00000000a0200000,0x00000000b5bb4848,0x00000000b6000000)
 Metaspace       used 96190K, capacity 96934K, committed 97432K, reserved 1130496K
  class space    used 16454K, capacity 16681K, committed 16792K, reserved 1048576K
}
Event: 42.890 GC heap before
{Heap before GC invocations=33 (full 6):
 PSYoungGen      total 401920K, used 4374K [0x00000000e0100000, 0x0000000100000000, 0x0000000100000000)
  eden space 287232K, 0% used [0x00000000e0100000,0x00000000e0100000,0x00000000f1980000)
  from space 114688K, 3% used [0x00000000f1980000,0x00000000f1dc5900,0x00000000f8980000)
  to   space 115712K, 0% used [0x00000000f8f00000,0x00000000f8f00000,0x0000000100000000)
 ParOldGen       total 358400K, used 354002K [0x00000000a0200000, 0x00000000b6000000, 0x00000000e0100000)
  object space 358400K, 98% used [0x00000000a0200000,0x00000000b5bb4848,0x00000000b6000000)
 Metaspace       used 96190K, capacity 96934K, committed 97432K, reserved 1130496K
  class space    used 16454K, capacity 16681K, committed 16792K, reserved 1048576K

